<?xml version="1.0" encoding="UTF-8"?>
<testng-results ignored="0" total="1" passed="1" failed="0" skipped="0">
  <reporter-output>
  </reporter-output>
  <suite started-at="2022-03-15T16:57:41 CST" name="Default suite" finished-at="2022-03-15T16:57:53 CST" duration-ms="12068">
    <groups>
    </groups>
    <test started-at="2022-03-15T16:57:41 CST" name="Default test" finished-at="2022-03-15T16:57:53 CST" duration-ms="12068">
      <class name="test.TestOfStore">
        <test-method is-config="true" signature="startDriver()[pri:0, instance:test.TestOfStore@383bfa16]" started-at="2022-03-15T16:57:41 CST" name="startDriver" finished-at="2022-03-15T16:57:50 CST" duration-ms="8617" status="PASS">
          <reporter-output>
          </reporter-output>
        </test-method> <!-- startDriver -->
        <test-method signature="SamsumgGalaxys6Test()[pri:0, instance:test.TestOfStore@383bfa16]" started-at="2022-03-15T16:57:50 CST" name="SamsumgGalaxys6Test" finished-at="2022-03-15T16:57:53 CST" duration-ms="3182" status="PASS">
          <reporter-output>
          </reporter-output>
        </test-method> <!-- SamsumgGalaxys6Test -->
        <test-method is-config="true" signature="endTest()[pri:0, instance:test.TestOfStore@383bfa16]" started-at="2022-03-15T16:57:53 CST" name="endTest" finished-at="2022-03-15T16:57:53 CST" duration-ms="236" status="PASS">
          <reporter-output>
          </reporter-output>
        </test-method> <!-- endTest -->
      </class> <!-- test.TestOfStore -->
    </test> <!-- Default test -->
  </suite> <!-- Default suite -->
</testng-results>
